<?xml version="1.0" encoding="UTF-8"?>
<robot generator="Robot 3.1.2 (Python 3.7.5 on darwin)" generated="20200330 07:46:41.570" rpa="false">
<suite id="s1" name="Demo Test" source="/Users/pjcalvo/Documents/repos-pjcalvo/rframework/demo_test.robot">
<test id="s1-t1" name="Login To facebook">
<kw name="Test Setup" type="setup">
<kw name="Open Browser" library="SeleniumLibrary">
<doc>Opens a new browser instance to the optional ``url``.</doc>
<arguments>
<arg>${url}</arg>
<arg>${browser}</arg>
</arguments>
<msg timestamp="20200330 07:46:41.682" level="INFO">Opening browser 'chrome' to base url 'https://facebook.com'.</msg>
<status status="PASS" starttime="20200330 07:46:41.682" endtime="20200330 07:46:47.511"></status>
</kw>
<status status="PASS" starttime="20200330 07:46:41.681" endtime="20200330 07:46:47.512"></status>
</kw>
<kw name="Input Text" library="SeleniumLibrary">
<doc>Types the given ``text`` into the text field identified by ``locator``.</doc>
<arguments>
<arg>${username}</arg>
<arg>test@rf.com</arg>
</arguments>
<msg timestamp="20200330 07:46:47.512" level="INFO">Typing text 'test@rf.com' into text field '//input[@id = 'email']'.</msg>
<status status="PASS" starttime="20200330 07:46:47.512" endtime="20200330 07:46:47.632"></status>
</kw>
<kw name="Input Text" library="SeleniumLibrary">
<doc>Types the given ``text`` into the text field identified by ``locator``.</doc>
<arguments>
<arg>${password}</arg>
<arg>test123</arg>
</arguments>
<msg timestamp="20200330 07:46:47.633" level="INFO">Typing text 'test123' into text field '//input[@id = 'pass']'.</msg>
<status status="PASS" starttime="20200330 07:46:47.633" endtime="20200330 07:46:47.696"></status>
</kw>
<kw name="Click Button" library="SeleniumLibrary">
<doc>Clicks the button identified by ``locator``.</doc>
<arguments>
<arg>${login_button}</arg>
</arguments>
<msg timestamp="20200330 07:46:47.696" level="INFO">Clicking button 'Log In'.</msg>
<status status="PASS" starttime="20200330 07:46:47.696" endtime="20200330 07:46:47.781"></status>
</kw>
<kw name="Test Teardown" type="teardown">
<kw name="Close Browser" library="SeleniumLibrary">
<doc>Closes the current browser.</doc>
<status status="PASS" starttime="20200330 07:46:47.782" endtime="20200330 07:46:47.858"></status>
</kw>
<status status="PASS" starttime="20200330 07:46:47.781" endtime="20200330 07:46:47.858"></status>
</kw>
<doc>This is demo documentation</doc>
<tags>
<tag>test-Cases</tag>
</tags>
<status status="PASS" starttime="20200330 07:46:41.681" endtime="20200330 07:46:47.858" critical="yes"></status>
</test>
<status status="PASS" starttime="20200330 07:46:41.571" endtime="20200330 07:46:47.859"></status>
</suite>
<statistics>
<total>
<stat pass="1" fail="0">Critical Tests</stat>
<stat pass="1" fail="0">All Tests</stat>
</total>
<tag>
<stat pass="1" fail="0">test-Cases</stat>
</tag>
<suite>
<stat pass="1" fail="0" id="s1" name="Demo Test">Demo Test</stat>
</suite>
</statistics>
<errors>
</errors>
</robot>
