<?xml version="1.0" encoding="UTF-8"?>
<robot generator="Robot 3.2.1 (Python 3.7.5 on darwin)" generated="20200523 20:13:29.886" rpa="false">
<suite id="s1" name="Demo Test" source="/Users/pjcalvo/Documents/repos-pjcalvo/techground/automation-01/robot_framework/demo_test.robot">
<test id="s1-t1" name="Login To facebook">
<kw name="Test Setup" type="setup">
<kw name="Open Browser" library="SeleniumLibrary">
<doc>Opens a new browser instance to the optional ``url``.</doc>
<arguments>
<arg>${url}</arg>
<arg>${browser}</arg>
</arguments>
<msg timestamp="20200523 20:13:30.019" level="INFO">Opening browser 'chrome' to base url 'https://facebook.com'.</msg>
<status status="PASS" starttime="20200523 20:13:30.018" endtime="20200523 20:13:33.575"></status>
</kw>
<status status="PASS" starttime="20200523 20:13:30.018" endtime="20200523 20:13:33.575"></status>
</kw>
<kw name="Input Text" library="SeleniumLibrary">
<doc>Types the given ``text`` into the text field identified by ``locator``.</doc>
<arguments>
<arg>${username}</arg>
<arg>test@rf.com</arg>
</arguments>
<msg timestamp="20200523 20:13:33.576" level="INFO">Typing text 'test@rf.com' into text field '//input[@id = 'email']'.</msg>
<status status="PASS" starttime="20200523 20:13:33.575" endtime="20200523 20:13:33.685"></status>
</kw>
<kw name="Input Text" library="SeleniumLibrary">
<doc>Types the given ``text`` into the text field identified by ``locator``.</doc>
<arguments>
<arg>${password}</arg>
<arg>test123</arg>
</arguments>
<msg timestamp="20200523 20:13:33.686" level="INFO">Typing text 'test123' into text field '//input[@id = 'pass']'.</msg>
<status status="PASS" starttime="20200523 20:13:33.686" endtime="20200523 20:13:33.756"></status>
</kw>
<kw name="Click Button" library="SeleniumLibrary">
<doc>Clicks the button identified by ``locator``.</doc>
<arguments>
<arg>${login_button}</arg>
</arguments>
<msg timestamp="20200523 20:13:33.757" level="INFO">Clicking button 'Log In'.</msg>
<status status="PASS" starttime="20200523 20:13:33.757" endtime="20200523 20:13:35.420"></status>
</kw>
<kw name="Test Teardown" type="teardown">
<kw name="Close Browser" library="SeleniumLibrary">
<doc>Closes the current browser.</doc>
<status status="PASS" starttime="20200523 20:13:35.422" endtime="20200523 20:13:35.497"></status>
</kw>
<status status="PASS" starttime="20200523 20:13:35.421" endtime="20200523 20:13:35.497"></status>
</kw>
<doc>This is demo documentation</doc>
<tags>
<tag>test-Cases</tag>
</tags>
<status status="PASS" starttime="20200523 20:13:30.017" endtime="20200523 20:13:35.497" critical="yes"></status>
</test>
<status status="PASS" starttime="20200523 20:13:29.887" endtime="20200523 20:13:35.498"></status>
</suite>
<statistics>
<total>
<stat pass="1" fail="0">Critical Tests</stat>
<stat pass="1" fail="0">All Tests</stat>
</total>
<tag>
<stat pass="1" fail="0">test-Cases</stat>
</tag>
<suite>
<stat pass="1" fail="0" id="s1" name="Demo Test">Demo Test</stat>
</suite>
</statistics>
<errors>
</errors>
</robot>
